<?xml version="1.0" encoding="UTF-8"?>
<!-- Generated by org.testng.reporters.JUnitReportReporter -->
<testsuite skipped="0" hostname="DESKTOP-1K8K0FM" name="com.flipkart.Search.SearchProductTest" tests="1" failures="0" timestamp="2020-08-22T00:00:55 IST" time="0.006" errors="0">
  <testcase name="run" time="0.006" classname="com.flipkart.Search.SearchProductTest"/>
  <system-out>
SearchProductTest Successfuly running SearchProductTest Successfuly running SearchProductTest Successfuly running Wel come back to jenkins  </system-out>
</testsuite> <!-- com.flipkart.Search.SearchProductTest -->
