<?xml version="1.0" encoding="UTF-8"?>
<!-- Generated by org.testng.reporters.JUnitReportReporter -->
<testsuite skipped="0" hostname="DESKTOP-1K8K0FM" name="com.flipkart.Search.SearchProductTest" tests="1" failures="0" timestamp="19 Aug 2020 05:45:27 GMT" time="0.007" errors="0">
  <testcase name="run" time="0.007" classname="com.flipkart.Search.SearchProductTest"/>
</testsuite> <!-- com.flipkart.Search.SearchProductTest -->
